<?xml version="1.0" encoding="UTF-8"?>
<coverage generated="1762594929757" clover="3.2.0">
  <project timestamp="1762594929757" name="All files">
    <metrics statements="29" coveredstatements="28" conditionals="19" coveredconditionals="16" methods="5" coveredmethods="5" elements="53" coveredelements="49" complexity="0" loc="29" ncloc="29" packages="1" files="2" classes="2"/>
    <file name="Button.jsx" path="C:\Users\Kasey\Documents\Coding\PLP_academy\MERN\testing-and-debugging-ensuring-mern-app-reliability-jbkelli\client\src\components\Button.jsx">
      <metrics statements="7" coveredstatements="7" conditionals="7" coveredconditionals="7" methods="1" coveredmethods="1"/>
      <line num="13" count="25" type="stmt"/>
      <line num="15" count="25" type="stmt"/>
      <line num="22" count="25" type="stmt"/>
      <line num="28" count="25" type="cond" truecount="2" falsecount="0"/>
      <line num="30" count="25" type="stmt"/>
      <line num="32" count="25" type="stmt"/>
      <line num="45" count="2" type="stmt"/>
    </file>
    <file name="PostList.jsx" path="C:\Users\Kasey\Documents\Coding\PLP_academy\MERN\testing-and-debugging-ensuring-mern-app-reliability-jbkelli\client\src\components\PostList.jsx">
      <metrics statements="22" coveredstatements="21" conditionals="12" coveredconditionals="9" methods="4" coveredmethods="4"/>
      <line num="4" count="12" type="stmt"/>
      <line num="5" count="11" type="stmt"/>
      <line num="6" count="11" type="stmt"/>
      <line num="8" count="11" type="stmt"/>
      <line num="9" count="5" type="stmt"/>
      <line num="12" count="11" type="stmt"/>
      <line num="13" count="6" type="stmt"/>
      <line num="14" count="6" type="stmt"/>
      <line num="15" count="6" type="stmt"/>
      <line num="16" count="3" type="cond" truecount="1" falsecount="1"/>
      <line num="17" count="0" type="stmt"/>
      <line num="19" count="3" type="stmt"/>
      <line num="20" count="3" type="stmt"/>
      <line num="21" count="3" type="stmt"/>
      <line num="23" count="2" type="stmt"/>
      <line num="25" count="5" type="stmt"/>
      <line num="29" count="11" type="cond" truecount="2" falsecount="0"/>
      <line num="30" count="6" type="stmt"/>
      <line num="37" count="5" type="cond" truecount="2" falsecount="0"/>
      <line num="38" count="2" type="stmt"/>
      <line num="51" count="3" type="stmt"/>
      <line num="59" count="3" type="stmt"/>
    </file>
  </project>
</coverage>
