TN:
SF:src\components\Button.jsx
FN:3,Button
FNF:1
FNH:1
FNDA:25,Button
DA:13,25
DA:15,25
DA:22,25
DA:28,25
DA:30,25
DA:32,25
DA:45,2
LF:7
LH:7
BRDA:5,0,0,20
BRDA:6,1,0,19
BRDA:7,2,0,21
BRDA:9,3,0,23
BRDA:10,4,0,23
BRDA:28,5,0,4
BRDA:28,5,1,21
BRF:7
BRH:7
end_of_record
TN:
SF:src\components\PostList.jsx
FN:3,PostList
FN:8,(anonymous_1)
FN:12,(anonymous_2)
FN:58,(anonymous_3)
FNF:4
FNH:4
FNDA:12,PostList
FNDA:5,(anonymous_1)
FNDA:6,(anonymous_2)
FNDA:3,(anonymous_3)
DA:4,12
DA:5,11
DA:6,11
DA:8,11
DA:9,5
DA:12,11
DA:13,6
DA:14,6
DA:15,6
DA:16,3
DA:17,0
DA:19,3
DA:20,3
DA:21,3
DA:23,2
DA:25,5
DA:29,11
DA:30,6
DA:37,5
DA:38,2
DA:51,3
DA:59,3
LF:22
LH:21
BRDA:16,0,0,0
BRDA:16,0,1,3
BRDA:29,1,0,6
BRDA:29,1,1,5
BRDA:37,2,0,2
BRDA:37,2,1,3
BRDA:54,3,0,1
BRDA:54,3,1,2
BRDA:66,4,0,3
BRDA:66,4,1,0
BRDA:69,5,0,3
BRDA:69,5,1,0
BRF:12
BRH:9
end_of_record
